<?xml version="1.0" encoding="UTF-8"?>
<!-- Generated by org.testng.reporters.JUnitReportReporter -->
<testsuite hostname="DESKTOP-MQN4SS3" failures="0" tests="2" name="testCases.TC_001_AccountRegistrationTest" time="6.568" errors="0" timestamp="2024-01-23T21:47:59 IST" skipped="0">
  <testcase classname="testCases.TC_001_AccountRegistrationTest" name="verify_account_registration" time="3.530"/>
  <testcase classname="testCases.TC_001_AccountRegistrationTest" name="verify_account_registration" time="3.038"/>
</testsuite> <!-- testCases.TC_001_AccountRegistrationTest -->
